<?xml version="1.0" encoding="UTF-8"?>
<testng-results ignored="0" total="1" passed="1" failed="0" skipped="0">
  <reporter-output>
  </reporter-output>
  <suite started-at="2022-05-16T21:42:38 IST" name="Default suite" finished-at="2022-05-16T21:42:39 IST" duration-ms="659">
    <groups>
    </groups>
    <test started-at="2022-05-16T21:42:38 IST" name="Default test" finished-at="2022-05-16T21:42:39 IST" duration-ms="659">
      <class name="SeleniumCodeImpSnippets.AccessDataExcel">
        <test-method signature="readExcel()[pri:0, instance:SeleniumCodeImpSnippets.AccessDataExcel@6f96c77]" started-at="2022-05-16T21:42:38 IST" name="readExcel" finished-at="2022-05-16T21:42:39 IST" duration-ms="591" status="PASS">
          <reporter-output>
          </reporter-output>
        </test-method> <!-- readExcel -->
      </class> <!-- SeleniumCodeImpSnippets.AccessDataExcel -->
    </test> <!-- Default test -->
  </suite> <!-- Default suite -->
</testng-results>
